<?xml version="1.0" encoding="UTF-8"?>
<!-- Generated by org.testng.reporters.JUnitXMLReporter -->
<testsuite ignored="0" hostname="Prasannakumar" failures="1" tests="2" name="Test" time="0.081" errors="0" timestamp="2023-11-11T14:21:51 IST">
  <testcase classname="aboutTestngXMl.InvoactionCountEx" name="m1" time="0.025">
    <failure type="java.lang.AssertionError" message="expected [true] but found [false]">
      <![CDATA[java.lang.AssertionError: expected [true] but found [false]
at aboutTestngXMl.InvoactionCountEx.m1(InvoactionCountEx.java:13)
at java.base/java.util.ArrayList.forEach(ArrayList.java:1511)
... Removed 31 stack frames]]>
    </failure>
  </testcase> <!-- m1 -->
  <testcase classname="aboutTestngXMl.InvoactionCountEx" name="m2" time="0.001">
    <skipped/>
  </testcase> <!-- m2 -->
</testsuite> <!-- Test -->
