<?xml version="1.0" encoding="UTF-8"?>
<!-- Generated by org.testng.reporters.JUnitXMLReporter -->
<testsuite ignored="0" hostname="Prasannakumar" failures="3" tests="11" name="Test" time="20.873" errors="0" timestamp="2023-11-10T13:56:02 IST">
  <testcase classname="aboutTestngXMl.Demo3" name="A" time="0.008"/>
  <testcase classname="aboutTestngXMl.Demo3" name="B" time="0.0"/>
  <testcase classname="aboutTestngXMl.Demo3" name="C" time="0.001"/>
  <testcase classname="aboutTestngXMl.Demo3" name="Login" time="8.6">
    <failure type="java.lang.AssertionError" message="expected [Successfully] but found [Logged In Successfully]">
      <![CDATA[java.lang.AssertionError: expected [Successfully] but found [Logged In Successfully]
at aboutTestngXMl.Demo3.Login(Demo3.java:30)
at java.base/java.util.ArrayList.forEach(ArrayList.java:1511)
... Removed 33 stack frames]]>
    </failure>
  </testcase> <!-- Login -->
  <testcase classname="aboutTestngXMl.Demo2" name="D" time="0.001"/>
  <testcase classname="aboutTestngXMl.Demo2" name="E" time="0.001"/>
  <testcase classname="aboutTestngXMl.Demo2" name="Login" time="6.237">
    <failure type="java.lang.AssertionError" message="expected [Successfully] but found [Logged In Successfully]">
      <![CDATA[java.lang.AssertionError: expected [Successfully] but found [Logged In Successfully]
at aboutTestngXMl.Demo2.Login(Demo2.java:30)
at java.base/java.util.ArrayList.forEach(ArrayList.java:1511)
... Removed 33 stack frames]]>
    </failure>
  </testcase> <!-- Login -->
  <testcase classname="aboutTestngXMl.Demo1" name="I" time="0.002"/>
  <testcase classname="aboutTestngXMl.Demo1" name="J" time="0.004"/>
  <testcase classname="aboutTestngXMl.Demo1" name="Login" time="5.942">
    <failure type="java.lang.AssertionError" message="expected [Successfully] but found [Logged In Successfully]">
      <![CDATA[java.lang.AssertionError: expected [Successfully] but found [Logged In Successfully]
at aboutTestngXMl.Demo1.Login(Demo1.java:44)
at java.base/java.util.ArrayList.forEach(ArrayList.java:1511)
... Removed 33 stack frames]]>
    </failure>
  </testcase> <!-- Login -->
  <testcase classname="aboutTestngXMl.Demo1" name="H" time="0.002"/>
</testsuite> <!-- Test -->
